2018-03-15 01:23:29 -  - exec CUpdateClient::GetUpdatesList
2018-03-15 01:23:29 -  - exec CUpdateClient::CollectRequestData
2018-03-15 01:23:29 -  - LICENSE_KEY=X&lang=ru&SUPD_VER=17.5.10&VERSION=17.5.10&TYPENC=D&SUPD_STS=1&SUPD_URS=0&SUPD_DBS=MYSQL&XE=N&CLIENT_SITE=kawe.su&CHHB=kawe.su&CSAB=82.146.46.237&SUID=96f95e977deb0deffdc1fbf7ca8634da&CANGZIP=Y&CLIENT_PHPVER=5.6.31&stable=Y&NGINX=Y&rerere=Y&bitm_main=17.5.10&bitm_abtest=17.5.0&bitm_b24connector=17.5.0&bitm_bitrixcloud=17.0.1&bitm_blog=17.5.7&bitm_catalog=17.5.11&bitm_clouds=17.0.2&bitm_compression=16.0.0&bitm_conversion=17.5.0&bitm_currency=17.5.2&bitm_eshopapp=16.5.0&bitm_fileman=17.5.9&bitm_form=17.0.1&bitm_forum=17.5.2&bitm_highloadblock=17.5.0&bitm_iblock=17.5.4&bitm_mobileapp=17.5.0&bitm_perfmon=17.0.1&bitm_photogallery=17.0.2&bitm_pull=17.5.2&bitm_report=17.0.0&bitm_sale=17.8.5&bitm_scale=17.5.0&bitm_search=17.0.1&bitm_security=17.0.2&bitm_sender=17.1.4&bitm_seo=17.5.2&bitm_socialservices=17.5.2&bitm_storeassist=16.0.1&bitm_subscribe=17.5.0&bitm_translate=16.0.0&bitm_ui=17.5.4&bitm_vote=17.5.0&bitl_en=&bitl_ru=&SUPD_OFC=Small&SUPD_SRS=RU&SUPD_CMP=Y&SALE_15=Y
2018-03-15 01:23:29 -  - exec CUpdateClient::GetHTTPPage
2018-03-15 01:23:30 -  - TIME GetUpdatesList(request) 0.43 sec
2018-03-15 01:23:30 -  - exec CUpdateClient::ParseServerData
2018-03-15 01:23:30 -  - exec CUpdateClient::executeCounters
2018-03-15 01:23:30 -  - exec CUpdateClient::CollectRequestData
2018-03-15 01:23:30 -  - LICENSE_KEY=X&lang=ru&SUPD_VER=17.5.10&VERSION=17.5.10&TYPENC=D&SUPD_STS=1&SUPD_URS=0&SUPD_DBS=MYSQL&XE=N&CLIENT_SITE=kawe.su&CHHB=kawe.su&CSAB=82.146.46.237&SUID=96f95e977deb0deffdc1fbf7ca8634da&CANGZIP=Y&CLIENT_PHPVER=5.6.31&stable=Y&NGINX=Y&rerere=Y&bitm_main=17.5.10&bitm_abtest=17.5.0&bitm_b24connector=17.5.0&bitm_bitrixcloud=17.0.1&bitm_blog=17.5.7&bitm_catalog=17.5.11&bitm_clouds=17.0.2&bitm_compression=16.0.0&bitm_conversion=17.5.0&bitm_currency=17.5.2&bitm_eshopapp=16.5.0&bitm_fileman=17.5.9&bitm_form=17.0.1&bitm_forum=17.5.2&bitm_highloadblock=17.5.0&bitm_iblock=17.5.4&bitm_mobileapp=17.5.0&bitm_perfmon=17.0.1&bitm_photogallery=17.0.2&bitm_pull=17.5.2&bitm_report=17.0.0&bitm_sale=17.8.5&bitm_scale=17.5.0&bitm_search=17.0.1&bitm_security=17.0.2&bitm_sender=17.1.4&bitm_seo=17.5.2&bitm_socialservices=17.5.2&bitm_storeassist=16.0.1&bitm_subscribe=17.5.0&bitm_translate=16.0.0&bitm_ui=17.5.4&bitm_vote=17.5.0&bitl_en=&bitl_ru=&SUPD_OFC=Small&SUPD_SRS=RU&SUPD_CMP=Y&SALE_15=Y&query_type=counter&cntr_result[175]=5.5.56-MariaDB&cntr_result[177]=5.5.56
2018-03-15 01:23:30 -  - exec CUpdateClient::GetHTTPPage
2018-03-15 01:23:30 -  - TIME executeCounters 0.22 sec
2018-03-19 19:41:38 -  - exec CUpdateClient::GetUpdatesList
2018-03-19 19:41:38 -  - exec CUpdateClient::CollectRequestData
2018-03-19 19:41:38 -  - LICENSE_KEY=X&lang=ru&SUPD_VER=17.5.10&VERSION=17.5.10&TYPENC=D&SUPD_STS=1&SUPD_URS=0&SUPD_DBS=MYSQL&XE=N&CLIENT_SITE=kawe.su&CHHB=kawe.su&CSAB=82.146.46.237&SUID=96f95e977deb0deffdc1fbf7ca8634da&CANGZIP=Y&CLIENT_PHPVER=5.6.31&stable=Y&NGINX=Y&rerere=Y&bitm_main=17.5.10&bitm_abtest=17.5.0&bitm_b24connector=17.5.0&bitm_bitrixcloud=17.0.1&bitm_blog=17.5.7&bitm_catalog=17.5.11&bitm_clouds=17.0.2&bitm_compression=16.0.0&bitm_conversion=17.5.0&bitm_currency=17.5.2&bitm_eshopapp=16.5.0&bitm_fileman=17.5.9&bitm_form=17.0.1&bitm_forum=17.5.2&bitm_highloadblock=17.5.0&bitm_iblock=17.5.4&bitm_mobileapp=17.5.0&bitm_perfmon=17.0.1&bitm_photogallery=17.0.2&bitm_pull=17.5.2&bitm_report=17.0.0&bitm_sale=17.8.5&bitm_scale=17.5.0&bitm_search=17.0.1&bitm_security=17.0.2&bitm_sender=17.1.4&bitm_seo=17.5.2&bitm_socialservices=17.5.2&bitm_storeassist=16.0.1&bitm_subscribe=17.5.0&bitm_translate=16.0.0&bitm_ui=17.5.4&bitm_vote=17.5.0&bitl_en=&bitl_ru=&SUPD_OFC=Small&SUPD_SRS=RU&SUPD_CMP=Y&SALE_15=Y
2018-03-19 19:41:38 -  - exec CUpdateClient::GetHTTPPage
2018-03-19 19:41:38 -  - TIME GetUpdatesList(request) 0.222 sec
2018-03-19 19:41:38 -  - exec CUpdateClient::ParseServerData
2018-03-19 19:50:34 -  - exec CUpdateClient::GetUpdatesList
2018-03-19 19:50:34 -  - exec CUpdateClient::CollectRequestData
2018-03-19 19:50:34 -  - LICENSE_KEY=X&lang=ru&SUPD_VER=17.5.10&VERSION=17.5.10&TYPENC=D&SUPD_STS=1&SUPD_URS=0&SUPD_DBS=MYSQL&XE=N&CLIENT_SITE=kawe.su&CHHB=kawe.su&CSAB=82.146.46.237&SUID=96f95e977deb0deffdc1fbf7ca8634da&CANGZIP=Y&CLIENT_PHPVER=5.6.31&stable=Y&NGINX=Y&rerere=Y&bitm_main=17.5.10&bitm_abtest=17.5.0&bitm_b24connector=17.5.0&bitm_bitrixcloud=17.0.1&bitm_blog=17.5.7&bitm_catalog=17.5.11&bitm_clouds=17.0.2&bitm_compression=16.0.0&bitm_conversion=17.5.0&bitm_currency=17.5.2&bitm_eshopapp=16.5.0&bitm_fileman=17.5.9&bitm_form=17.0.1&bitm_forum=17.5.2&bitm_highloadblock=17.5.0&bitm_iblock=17.5.4&bitm_mobileapp=17.5.0&bitm_perfmon=17.0.1&bitm_photogallery=17.0.2&bitm_pull=17.5.2&bitm_report=17.0.0&bitm_sale=17.8.5&bitm_scale=17.5.0&bitm_search=17.0.1&bitm_security=17.0.2&bitm_sender=17.1.4&bitm_seo=17.5.2&bitm_socialservices=17.5.2&bitm_storeassist=16.0.1&bitm_subscribe=17.5.0&bitm_translate=16.0.0&bitm_ui=17.5.4&bitm_vote=17.5.0&bitl_en=&bitl_ru=&SUPD_OFC=Small&SUPD_SRS=RU&SUPD_CMP=Y&SALE_15=Y
2018-03-19 19:50:34 -  - exec CUpdateClient::GetHTTPPage
2018-03-19 19:50:34 -  - TIME GetUpdatesList(request) 0.213 sec
2018-03-19 19:50:34 -  - exec CUpdateClient::ParseServerData
2018-03-21 12:25:02 - CRUPDCDF2 - Run updater '/bitrix/updates/update_m1521624302/asd.tplvars/updater1.5.0.php': Query(create table if not exists b_asd_option_descr
(
	ID INT not null auto_increment,
	NAME VARCHAR(50) not null,
	DESCRIPTION VARCHAR(255),
	SITE_ID CHAR(2),
	PRIMARY KEY (ID),
	INDEX ASD_OPTION_NAME (NAME),
	INDEX ASD_OPTION_SITE (SITE_ID)
);, )
2018-03-24 16:42:29 -  - exec CUpdateClient::GetUpdatesList
2018-03-24 16:42:29 -  - exec CUpdateClient::CollectRequestData
2018-03-24 16:42:29 -  - LICENSE_KEY=X&lang=ru&SUPD_VER=17.5.10&VERSION=17.5.10&TYPENC=D&SUPD_STS=1&SUPD_URS=0&SUPD_DBS=MYSQL&XE=N&CLIENT_SITE=kawe.su&CHHB=kawe.su&CSAB=82.146.46.237&SUID=96f95e977deb0deffdc1fbf7ca8634da&CANGZIP=Y&CLIENT_PHPVER=5.6.31&stable=Y&NGINX=Y&rerere=Y&bitm_main=17.5.10&bitm_abtest=17.5.0&bitm_b24connector=17.5.0&bitm_bitrixcloud=17.0.1&bitm_blog=17.5.7&bitm_catalog=17.5.11&bitm_clouds=17.0.2&bitm_compression=16.0.0&bitm_conversion=17.5.0&bitm_currency=17.5.2&bitm_eshopapp=16.5.0&bitm_fileman=17.5.9&bitm_form=17.0.1&bitm_forum=17.5.2&bitm_highloadblock=17.5.0&bitm_iblock=17.5.4&bitm_mobileapp=17.5.0&bitm_perfmon=17.0.1&bitm_photogallery=17.0.2&bitm_pull=17.5.2&bitm_report=17.0.0&bitm_sale=17.8.5&bitm_scale=17.5.0&bitm_search=17.0.1&bitm_security=17.0.2&bitm_sender=17.1.4&bitm_seo=17.5.2&bitm_socialservices=17.5.2&bitm_storeassist=16.0.1&bitm_subscribe=17.5.0&bitm_translate=16.0.0&bitm_ui=17.5.4&bitm_vote=17.5.0&bitl_en=&bitl_ru=&SUPD_OFC=Small&SUPD_SRS=RU&SUPD_CMP=Y&SALE_15=Y
2018-03-24 16:42:29 -  - exec CUpdateClient::GetHTTPPage
2018-03-24 16:42:29 -  - TIME GetUpdatesList(request) 0.276 sec
2018-03-24 16:42:29 -  - exec CUpdateClient::ParseServerData
2018-03-24 16:42:37 -  - exec CUpdateClient::GetUpdatesList
2018-03-24 16:42:37 -  - exec CUpdateClient::CollectRequestData
2018-03-24 16:42:37 -  - LICENSE_KEY=X&lang=ru&SUPD_VER=17.5.10&VERSION=17.5.10&TYPENC=D&SUPD_STS=1&SUPD_URS=0&SUPD_DBS=MYSQL&XE=N&CLIENT_SITE=kawe.su&CHHB=kawe.su&CSAB=82.146.46.237&SUID=96f95e977deb0deffdc1fbf7ca8634da&CANGZIP=Y&CLIENT_PHPVER=5.6.31&stable=Y&NGINX=Y&rerere=Y&bitm_main=17.5.10&bitm_abtest=17.5.0&bitm_b24connector=17.5.0&bitm_bitrixcloud=17.0.1&bitm_blog=17.5.7&bitm_catalog=17.5.11&bitm_clouds=17.0.2&bitm_compression=16.0.0&bitm_conversion=17.5.0&bitm_currency=17.5.2&bitm_eshopapp=16.5.0&bitm_fileman=17.5.9&bitm_form=17.0.1&bitm_forum=17.5.2&bitm_highloadblock=17.5.0&bitm_iblock=17.5.4&bitm_mobileapp=17.5.0&bitm_perfmon=17.0.1&bitm_photogallery=17.0.2&bitm_pull=17.5.2&bitm_report=17.0.0&bitm_sale=17.8.5&bitm_scale=17.5.0&bitm_search=17.0.1&bitm_security=17.0.2&bitm_sender=17.1.4&bitm_seo=17.5.2&bitm_socialservices=17.5.2&bitm_storeassist=16.0.1&bitm_subscribe=17.5.0&bitm_translate=16.0.0&bitm_ui=17.5.4&bitm_vote=17.5.0&bitl_en=&bitl_ru=&SUPD_OFC=Small&SUPD_SRS=RU&SUPD_CMP=Y&SALE_15=Y
2018-03-24 16:42:37 -  - exec CUpdateClient::GetHTTPPage
2018-03-24 16:42:37 -  - TIME GetUpdatesList(request) 0.235 sec
2018-03-24 16:42:37 -  - exec CUpdateClient::ParseServerData
2018-03-24 16:43:17 -  - exec CUpdateClient::GetUpdatesList
2018-03-24 16:43:17 -  - exec CUpdateClient::CollectRequestData
2018-03-24 16:43:17 -  - LICENSE_KEY=X&lang=ru&SUPD_VER=17.5.10&VERSION=17.5.10&TYPENC=D&SUPD_STS=1&SUPD_URS=0&SUPD_DBS=MYSQL&XE=N&CLIENT_SITE=kawe.su&CHHB=kawe.su&CSAB=82.146.46.237&SUID=96f95e977deb0deffdc1fbf7ca8634da&CANGZIP=Y&CLIENT_PHPVER=5.6.31&stable=Y&NGINX=Y&rerere=Y&bitm_main=17.5.10&bitm_abtest=17.5.0&bitm_b24connector=17.5.0&bitm_bitrixcloud=17.0.1&bitm_blog=17.5.7&bitm_catalog=17.5.11&bitm_clouds=17.0.2&bitm_compression=16.0.0&bitm_conversion=17.5.0&bitm_currency=17.5.2&bitm_eshopapp=16.5.0&bitm_fileman=17.5.9&bitm_form=17.0.1&bitm_forum=17.5.2&bitm_highloadblock=17.5.0&bitm_iblock=17.5.4&bitm_mobileapp=17.5.0&bitm_perfmon=17.0.1&bitm_photogallery=17.0.2&bitm_pull=17.5.2&bitm_report=17.0.0&bitm_sale=17.8.5&bitm_scale=17.5.0&bitm_search=17.0.1&bitm_security=17.0.2&bitm_sender=17.1.4&bitm_seo=17.5.2&bitm_socialservices=17.5.2&bitm_storeassist=16.0.1&bitm_subscribe=17.5.0&bitm_translate=16.0.0&bitm_ui=17.5.4&bitm_vote=17.5.0&bitl_en=&bitl_ru=&SUPD_OFC=Small%2CBig&SUPD_SRS=RU&SUPD_CMP=Y&SALE_15=Y
2018-03-24 16:43:17 -  - exec CUpdateClient::GetHTTPPage
2018-03-24 16:43:17 -  - TIME GetUpdatesList(request) 0.204 sec
2018-03-24 16:43:17 -  - exec CUpdateClient::ParseServerData
