2018-Mar-21 12:13:29 Наличие необходимых модулей php (check_php_modules): Ok
Все необходимые модули установлены
2018-Mar-21 12:13:29 Обязательные параметры PHP (check_php_settings): Ok
Настройки правильные
2018-Mar-21 12:13:30 Модули веб-сервера (check_security): Ok
Конфликтов не выявлено
2018-Mar-21 12:13:30 Значения переменных сервера (check_server_vars): Ok
Корректные
2018-Mar-21 12:13:30 Сохранение сессии (check_session): Ok
50% done
2018-Mar-21 12:13:30 Сохранение сессии (check_session): Ok
Успешно
2018-Mar-21 12:13:30 Параметры настройки UTF (mbstring и константа BX_UTF) (check_mbstring): Ok
Правильные. Сайт работает в UTF кодировке
2018-Mar-21 12:13:30 Служебные скрипты в корне сайта (check_install_scripts): Ok
Отсутствуют
2018-Mar-21 12:13:31 Работа с сокетами (check_socket): Ok
Connection to ssl://kawe.su:443	Success

Успешно
2018-Mar-21 12:13:31 Выполнение агентов на cron (check_bx_crontab): Warning
Замечание. Агенты выполняются на хитах, рекомендуется перевести выполнение агентов на cron
2018-Mar-21 12:13:31 Параметры подключения к базе данных (check_dbconn_settings): Ok
Успешно
2018-Mar-21 12:13:31 Лишний вывод в файлах конфигурации (check_dbconn): Ok
Connection to ssl://kawe.su:443	Success

Успешно
2018-Mar-21 12:13:31 Сохранение сессии без UserAgent (check_session_ua): Ok
50% done
Connection to ssl://kawe.su:443	Success

2018-Mar-21 12:13:31 Сохранение сессии без UserAgent (check_session_ua): Ok
Connection to ssl://kawe.su:443	Success

Успешно
2018-Mar-21 12:13:31 Настройки сайтов (check_sites): Ok
Правильные
2018-Mar-21 12:13:32 Передача объектов по ссылке (check_clone): Ok
Успешно
2018-Mar-21 12:13:32 Размер стека и pcre.recursion_limit (check_pcre_recursion): Ok
Connection to ssl://kawe.su:443	Success

Успешно
2018-Mar-21 12:13:32 Загрузка файла (check_upload): Ok
Connection to ssl://kawe.su:443	Success

Успешно
2018-Mar-21 12:13:32 Загрузка файла больше 4Мб (check_upload_big): Ok
Connection to ssl://kawe.su:443	Success

Успешно
2018-Mar-21 12:13:32 Загрузка файла через php://input (check_upload_raw): Ok
Connection to ssl://kawe.su:443	Success

Успешно
2018-Mar-21 12:13:32 Передача POST запроса с большим числом параметров (check_post): Ok
Connection to ssl://kawe.su:443	Success

Успешно
2018-Mar-21 12:13:33 Отправка почты (check_mail): Ok
Успешно
2018-Mar-21 12:13:33 Отправка почтового сообщения больше 64Кб (check_mail_big): Ok
Успешно
2018-Mar-21 12:13:33 Проверка на наличие неотправленных сообщений (check_mail_b_event): Ok
Успешно
2018-Mar-21 12:13:34 Внутреннее перенаправление (функция LocalRedirect) (check_localredirect): Ok
50% done
Connection to ssl://kawe.su:443	Success

2018-Mar-21 12:13:34 Внутреннее перенаправление (функция LocalRedirect) (check_localredirect): Ok
Connection to ssl://kawe.su:443	Success

Успешно
2018-Mar-21 12:13:34 Фактическое ограничение памяти (check_memory_limit): Ok
20% done
Connection to ssl://kawe.su:443	Success

2018-Mar-21 12:13:34 Фактическое ограничение памяти (check_memory_limit): Ok
40% done
Connection to ssl://kawe.su:443	Success

2018-Mar-21 12:13:35 Фактическое ограничение памяти (check_memory_limit): Ok
60% done
Connection to ssl://kawe.su:443	Success

2018-Mar-21 12:13:35 Фактическое ограничение памяти (check_memory_limit): Ok
80% done
Connection to ssl://kawe.su:443	Success

2018-Mar-21 12:13:36 Фактическое ограничение памяти (check_memory_limit): Ok
Connection to ssl://kawe.su:443	Success

Не менее 256 М
2018-Mar-21 12:13:36 Работа с файлами кеша (check_cache): Ok
Успешно
2018-Mar-21 12:13:56 Доступ к серверу обновлений (check_update): Fail
== Request ==
POST /bitrix/updates/us_updater_list.php HTTP/1.0
User-Agent: BitrixSMUpdater
Accept: */*
Host: www.bitrixsoft.com
Accept-Language: en
Content-type: application/x-www-form-urlencoded
Content-length: 7

lang=en

== Response ==
HTTP/1.1 504 Gateway Time-out
Server: nginx
Date: Wed, 21 Mar 2018 09:13:56 GMT
Content-Type: text/xml
Content-Length: 203
Connection: close
ETag: "521c60df-cb"

== Body ==
our servers are undergoing technical work, so updating is not possible at this time. please try again later. we are working hard to minimize the inconvenience. 

==========

Ошибка! Ошибочный ответ сервера обновлений
2018-Mar-21 12:13:56 HTTP авторизация (check_http_auth): Ok
Connection to ssl://kawe.su:443	Success

Успешно
2018-Mar-21 12:13:57 Создание и запуск файла (check_exec): Ok
Connection to ssl://kawe.su:443	Success

Успешно
2018-Mar-21 12:13:57 Функция getimagesize для swf (check_getimagesize): Ok
Успешно
2018-Mar-21 12:13:57 Версия MySQL-сервера (check_mysql_bug_version): Ok
Успешно
2018-Mar-21 12:13:58 Время на БД и веб-сервере (check_mysql_time): Ok
Успешно
2018-Mar-21 12:13:58 Режим работы MySQL (check_mysql_mode): Ok
Успешно
2018-Mar-21 12:13:58 Кодировка соединения (check_mysql_connection_charset): Ok
character_set_connection=utf8, collation_connection=utf8_unicode_ci, character_set_results=utf8
Успешно
2018-Mar-21 12:13:58 Кодировка базы данных (check_mysql_db_charset): Ok
CHARSET=utf8, COLLATION=utf8_unicode_ci
Успешно
2018-Mar-21 12:14:00 Кодировки таблиц в БД (check_mysql_table_charset): Ok
Успешно
2018-Mar-21 12:14:00 Структура базы данных (check_mysql_table_structure): Ok
0% done
2018-Mar-21 12:14:00 Структура базы данных (check_mysql_table_structure): Ok
3% done
2018-Mar-21 12:14:00 Структура базы данных (check_mysql_table_structure): Ok
6% done
2018-Mar-21 12:14:02 Структура базы данных (check_mysql_table_structure): Ok
9% done
2018-Mar-21 12:14:04 Структура базы данных (check_mysql_table_structure): Ok
12% done
2018-Mar-21 12:14:05 Структура базы данных (check_mysql_table_structure): Ok
15% done
2018-Mar-21 12:14:05 Структура базы данных (check_mysql_table_structure): Ok
18% done
2018-Mar-21 12:14:05 Структура базы данных (check_mysql_table_structure): Ok
21% done
2018-Mar-21 12:14:06 Структура базы данных (check_mysql_table_structure): Ok
24% done
2018-Mar-21 12:14:06 Структура базы данных (check_mysql_table_structure): Ok
27% done
2018-Mar-21 12:14:06 Структура базы данных (check_mysql_table_structure): Ok
30% done
2018-Mar-21 12:14:07 Структура базы данных (check_mysql_table_structure): Ok
33% done
2018-Mar-21 12:14:09 Структура базы данных (check_mysql_table_structure): Ok
36% done
2018-Mar-21 12:14:09 Структура базы данных (check_mysql_table_structure): Ok
39% done
2018-Mar-21 12:14:11 Структура базы данных (check_mysql_table_structure): Ok
42% done
2018-Mar-21 12:14:15 Структура базы данных (check_mysql_table_structure): Ok
45% done
2018-Mar-21 12:14:15 Структура базы данных (check_mysql_table_structure): Ok
48% done
2018-Mar-21 12:14:16 Структура базы данных (check_mysql_table_structure): Ok
51% done
2018-Mar-21 12:14:16 Структура базы данных (check_mysql_table_structure): Ok
54% done
2018-Mar-21 12:14:17 Структура базы данных (check_mysql_table_structure): Ok
57% done
2018-Mar-21 12:14:17 Структура базы данных (check_mysql_table_structure): Ok
60% done
2018-Mar-21 12:14:22 Структура базы данных (check_mysql_table_structure): Ok
63% done
2018-Mar-21 12:14:22 Структура базы данных (check_mysql_table_structure): Ok
66% done
2018-Mar-21 12:14:22 Структура базы данных (check_mysql_table_structure): Ok
69% done
2018-Mar-21 12:14:22 Структура базы данных (check_mysql_table_structure): Ok
72% done
2018-Mar-21 12:14:23 Структура базы данных (check_mysql_table_structure): Ok
75% done
2018-Mar-21 12:14:24 Структура базы данных (check_mysql_table_structure): Ok
78% done
2018-Mar-21 12:14:24 Структура базы данных (check_mysql_table_structure): Ok
81% done
2018-Mar-21 12:14:24 Структура базы данных (check_mysql_table_structure): Ok
84% done
2018-Mar-21 12:14:24 Структура базы данных (check_mysql_table_structure): Ok
87% done
2018-Mar-21 12:14:24 Структура базы данных (check_mysql_table_structure): Ok
90% done
2018-Mar-21 12:14:24 Структура базы данных (check_mysql_table_structure): Ok
93% done
2018-Mar-21 12:14:25 Структура базы данных (check_mysql_table_structure): Ok
96% done
2018-Mar-21 12:14:25 Структура базы данных (check_mysql_table_structure): Ok
Успешно
